Using pre-set license
Built from '2020.3/staging' branch; Version is '2020.3.4f1 (0abb6314276a) revision 703331'; Using compiler version '192528614'; Build Type 'Release'
OS: 'Windows 10 Home; OS build 19041.867; Version 2004; 64bit' Language: 'ru' Physical Memory: 8029 MB
BatchMode: 1, IsHumanControllingUs: 0, StartBugReporterOnCrash: 0, Is64bit: 1, IsPro: 0

 COMMAND LINE ARGUMENTS:
D:\Unity\2020.3.4f1\Editor\Unity.exe
-adb2
-batchMode
-noUpm
-name
AssetImportWorker0
-projectPath
D:/UnityProject/3DShooter/3DShooter
-logFile
Logs/AssetImportWorker0.log
-srvPort
61558
Successfully changed project path to: D:/UnityProject/3DShooter/3DShooter
D:/UnityProject/3DShooter/3DShooter
Using Asset Import Pipeline V2.
Refreshing native plugins compatible for Editor in 28.12 ms, found 0 plugins.
Preloading 0 native plugins for Editor in 0.00 ms.
Initialize engine version: 2020.3.4f1 (0abb6314276a)
[Subsystems] Discovering subsystems at path D:/Unity/2020.3.4f1/Editor/Data/Resources/UnitySubsystems
[Subsystems] Discovering subsystems at path D:/UnityProject/3DShooter/3DShooter/Assets
GfxDevice: creating device client; threaded=0
Direct3D:
    Version:  Direct3D 11.0 [level 11.1]
    Renderer: NVIDIA GeForce GTX 1660 Ti (ID=0x2191)
    Vendor:   
    VRAM:     5991 MB
    Driver:   27.21.14.5167
Initialize mono
Mono path[0] = 'D:/Unity/2020.3.4f1/Editor/Data/Managed'
Mono path[1] = 'D:/Unity/2020.3.4f1/Editor/Data/MonoBleedingEdge/lib/mono/unityjit'
Mono config path = 'D:/Unity/2020.3.4f1/Editor/Data/MonoBleedingEdge/etc'
Using monoOptions --debugger-agent=transport=dt_socket,embedding=1,server=y,suspend=n,address=127.0.0.1:56444
Begin MonoManager ReloadAssembly
Registering precompiled unity dll's ...
Register platform support module: D:/Unity/2020.3.4f1/Editor/Data/PlaybackEngines/WindowsStandaloneSupport/UnityEditor.WindowsStandalone.Extensions.dll
Registered in 0.001159 seconds.
Native extension for WindowsStandalone target not found
Refreshing native plugins compatible for Editor in 26.21 ms, found 0 plugins.
Preloading 0 native plugins for Editor in 0.00 ms.
Mono: successfully reloaded assembly
- Completed reload, in  1.557 seconds
Platform modules already initialized, skipping
Registering precompiled user dll's ...
Registered in 0.001998 seconds.
Begin MonoManager ReloadAssembly
Native extension for WindowsStandalone target not found
Refreshing native plugins compatible for Editor in 0.25 ms, found 0 plugins.
Preloading 0 native plugins for Editor in 0.00 ms.
Mono: successfully reloaded assembly
- Completed reload, in  0.816 seconds
Platform modules already initialized, skipping
========================================================================
Worker process is ready to serve import requests
Launched and connected shader compiler UnityShaderCompiler.exe after 0.04 seconds
Refreshing native plugins compatible for Editor in 0.24 ms, found 0 plugins.
Preloading 0 native plugins for Editor in 0.00 ms.
Unloading 1259 Unused Serialized files (Serialized files now loaded: 0)
System memory in use before: 74.2 MB.
System memory in use after: 74.3 MB.

Unloading 14 unused Assets to reduce memory usage. Loaded Objects now: 1712.
Total: 1.570200 ms (FindLiveObjects: 0.129400 ms CreateObjectMapping: 0.037900 ms MarkObjects: 1.324900 ms  DeleteObjects: 0.076800 ms)

========================================================================
Received Import Request.
  path: Assets/Scripts/Player.cs
  artifactKey: Guid(9f79fbd8d29221e4ea641aa8f7cef43b) Importer(815301076,1909f56bfc062723c751e8b465ee728b)
Start importing Assets/Scripts/Player.cs using Guid(9f79fbd8d29221e4ea641aa8f7cef43b) Importer(815301076,1909f56bfc062723c751e8b465ee728b)  -> (artifact id: '34707d6a03ca7cfb8d3c56813d4cab9e') in 0.036353 seconds
  Import took 0.038664 seconds .

========================================================================
Received Prepare
Registering precompiled user dll's ...
Registered in 0.001704 seconds.
Begin MonoManager ReloadAssembly
Native extension for WindowsStandalone target not found
Refreshing native plugins compatible for Editor in 0.24 ms, found 0 plugins.
Preloading 0 native plugins for Editor in 0.00 ms.
Mono: successfully reloaded assembly
- Completed reload, in  0.808 seconds
Platform modules already initialized, skipping
Refreshing native plugins compatible for Editor in 0.26 ms, found 0 plugins.
Preloading 0 native plugins for Editor in 0.00 ms.
Unloading 1254 Unused Serialized files (Serialized files now loaded: 0)
System memory in use before: 74.2 MB.
System memory in use after: 74.2 MB.

Unloading 9 unused Assets to reduce memory usage. Loaded Objects now: 1715.
Total: 1.953300 ms (FindLiveObjects: 0.320400 ms CreateObjectMapping: 0.071000 ms MarkObjects: 1.505900 ms  DeleteObjects: 0.054100 ms)

========================================================================
Received Import Request.
  Time since last request: 10.619510 seconds.
  path: Assets/Scripts/GameManager.cs
  artifactKey: Guid(e6d9cb1e6c56ec64aa7ef19a99038d97) Importer(815301076,1909f56bfc062723c751e8b465ee728b)
Start importing Assets/Scripts/GameManager.cs using Guid(e6d9cb1e6c56ec64aa7ef19a99038d97) Importer(815301076,1909f56bfc062723c751e8b465ee728b)  -> (artifact id: 'ca0054be156446a5e071a7d2e8dadf59') in 0.007572 seconds
  Import took 0.009862 seconds .

========================================================================
Received Prepare
Registering precompiled user dll's ...
Registered in 0.001796 seconds.
Begin MonoManager ReloadAssembly
Native extension for WindowsStandalone target not found
Refreshing native plugins compatible for Editor in 0.25 ms, found 0 plugins.
Preloading 0 native plugins for Editor in 0.00 ms.
Mono: successfully reloaded assembly
- Completed reload, in  0.797 seconds
Platform modules already initialized, skipping
Refreshing native plugins compatible for Editor in 0.27 ms, found 0 plugins.
Preloading 0 native plugins for Editor in 0.00 ms.
Unloading 1255 Unused Serialized files (Serialized files now loaded: 0)
System memory in use before: 74.2 MB.
System memory in use after: 74.3 MB.

Unloading 9 unused Assets to reduce memory usage. Loaded Objects now: 1719.
Total: 1.511300 ms (FindLiveObjects: 0.140500 ms CreateObjectMapping: 0.036600 ms MarkObjects: 1.285700 ms  DeleteObjects: 0.047600 ms)

========================================================================
Received Prepare
Registering precompiled user dll's ...
Registered in 0.001727 seconds.
Begin MonoManager ReloadAssembly
Native extension for WindowsStandalone target not found
Refreshing native plugins compatible for Editor in 0.25 ms, found 0 plugins.
Preloading 0 native plugins for Editor in 0.00 ms.
Mono: successfully reloaded assembly
- Completed reload, in  0.798 seconds
Platform modules already initialized, skipping
Refreshing native plugins compatible for Editor in 0.45 ms, found 0 plugins.
Preloading 0 native plugins for Editor in 0.00 ms.
Unloading 1254 Unused Serialized files (Serialized files now loaded: 0)
System memory in use before: 74.2 MB.
System memory in use after: 74.3 MB.

Unloading 10 unused Assets to reduce memory usage. Loaded Objects now: 1721.
Total: 2.305100 ms (FindLiveObjects: 0.156900 ms CreateObjectMapping: 0.038300 ms MarkObjects: 2.047800 ms  DeleteObjects: 0.061000 ms)

========================================================================
Received Prepare
Registering precompiled user dll's ...
Registered in 0.001826 seconds.
Begin MonoManager ReloadAssembly
Native extension for WindowsStandalone target not found
Refreshing native plugins compatible for Editor in 0.25 ms, found 0 plugins.
Preloading 0 native plugins for Editor in 0.00 ms.
Mono: successfully reloaded assembly
- Completed reload, in  0.785 seconds
Platform modules already initialized, skipping
Refreshing native plugins compatible for Editor in 0.24 ms, found 0 plugins.
Preloading 0 native plugins for Editor in 0.00 ms.
Unloading 1255 Unused Serialized files (Serialized files now loaded: 0)
System memory in use before: 74.2 MB.
System memory in use after: 74.3 MB.

Unloading 9 unused Assets to reduce memory usage. Loaded Objects now: 1725.
Total: 1.840500 ms (FindLiveObjects: 0.138100 ms CreateObjectMapping: 0.037900 ms MarkObjects: 1.607100 ms  DeleteObjects: 0.056100 ms)

========================================================================
Received Import Request.
  Time since last request: 65.357328 seconds.
  path: Assets/Scripts/GameManeger.cs
  artifactKey: Guid(e6d9cb1e6c56ec64aa7ef19a99038d97) Importer(815301076,1909f56bfc062723c751e8b465ee728b)
Start importing Assets/Scripts/GameManeger.cs using Guid(e6d9cb1e6c56ec64aa7ef19a99038d97) Importer(815301076,1909f56bfc062723c751e8b465ee728b)  -> (artifact id: '82133f78b7dfc5388390fe181df7f645') in 0.010378 seconds
  Import took 0.012963 seconds .

========================================================================
Received Prepare
Registering precompiled user dll's ...
Registered in 0.002437 seconds.
Begin MonoManager ReloadAssembly
Native extension for WindowsStandalone target not found
Refreshing native plugins compatible for Editor in 0.25 ms, found 0 plugins.
Preloading 0 native plugins for Editor in 0.00 ms.
Mono: successfully reloaded assembly
- Completed reload, in  0.944 seconds
Platform modules already initialized, skipping
Refreshing native plugins compatible for Editor in 0.27 ms, found 0 plugins.
Preloading 0 native plugins for Editor in 0.00 ms.
Unloading 1255 Unused Serialized files (Serialized files now loaded: 0)
System memory in use before: 74.2 MB.
System memory in use after: 74.3 MB.

Unloading 9 unused Assets to reduce memory usage. Loaded Objects now: 1728.
Total: 2.012600 ms (FindLiveObjects: 0.180200 ms CreateObjectMapping: 0.065300 ms MarkObjects: 1.706400 ms  DeleteObjects: 0.059400 ms)

========================================================================
Received Prepare
Registering precompiled user dll's ...
Registered in 0.001970 seconds.
Begin MonoManager ReloadAssembly
Native extension for WindowsStandalone target not found
Refreshing native plugins compatible for Editor in 0.27 ms, found 0 plugins.
Preloading 0 native plugins for Editor in 0.00 ms.
Mono: successfully reloaded assembly
- Completed reload, in  0.905 seconds
Platform modules already initialized, skipping
Refreshing native plugins compatible for Editor in 0.24 ms, found 0 plugins.
Preloading 0 native plugins for Editor in 0.00 ms.
Unloading 1255 Unused Serialized files (Serialized files now loaded: 0)
System memory in use before: 74.2 MB.
System memory in use after: 74.3 MB.

Unloading 9 unused Assets to reduce memory usage. Loaded Objects now: 1731.
Total: 2.859200 ms (FindLiveObjects: 0.287800 ms CreateObjectMapping: 0.128300 ms MarkObjects: 2.370900 ms  DeleteObjects: 0.070900 ms)

========================================================================
Received Prepare
Registering precompiled user dll's ...
Registered in 0.002001 seconds.
Begin MonoManager ReloadAssembly
Native extension for WindowsStandalone target not found
Refreshing native plugins compatible for Editor in 0.26 ms, found 0 plugins.
Preloading 0 native plugins for Editor in 0.00 ms.
Mono: successfully reloaded assembly
- Completed reload, in  1.093 seconds
Platform modules already initialized, skipping
Refreshing native plugins compatible for Editor in 0.28 ms, found 0 plugins.
Preloading 0 native plugins for Editor in 0.00 ms.
Unloading 1255 Unused Serialized files (Serialized files now loaded: 0)
System memory in use before: 74.3 MB.
System memory in use after: 74.3 MB.

Unloading 9 unused Assets to reduce memory usage. Loaded Objects now: 1734.
Total: 4.681700 ms (FindLiveObjects: 0.562300 ms CreateObjectMapping: 0.178000 ms MarkObjects: 3.867600 ms  DeleteObjects: 0.071300 ms)

========================================================================
Received Import Request.
  Time since last request: 737.485453 seconds.
  path: Assets/Prefabs/Player.prefab
  artifactKey: Guid(f8893b5c7cf8d8240aab899d4368af53) Importer(815301076,1909f56bfc062723c751e8b465ee728b)
Start importing Assets/Prefabs/Player.prefab using Guid(f8893b5c7cf8d8240aab899d4368af53) Importer(815301076,1909f56bfc062723c751e8b465ee728b)  -> (artifact id: '2b38f780d8bf35f3b3276ca04050da3c') in 0.143093 seconds
  Import took 0.146540 seconds .

========================================================================
Received Import Request.
  Time since last request: 6.013596 seconds.
  path: Assets/Prefabs/Player.prefab
  artifactKey: Guid(f8893b5c7cf8d8240aab899d4368af53) Importer(815301076,1909f56bfc062723c751e8b465ee728b)
Start importing Assets/Prefabs/Player.prefab using Guid(f8893b5c7cf8d8240aab899d4368af53) Importer(815301076,1909f56bfc062723c751e8b465ee728b)  -> (artifact id: '4aa02b3f83dff57309442a664ecd8f13') in 0.013523 seconds
  Import took 0.016956 seconds .

========================================================================
Received Prepare
Registering precompiled user dll's ...
Registered in 0.001906 seconds.
Begin MonoManager ReloadAssembly
Native extension for WindowsStandalone target not found
Refreshing native plugins compatible for Editor in 0.70 ms, found 0 plugins.
Preloading 0 native plugins for Editor in 0.00 ms.
Mono: successfully reloaded assembly
- Completed reload, in  1.129 seconds
Platform modules already initialized, skipping
Refreshing native plugins compatible for Editor in 0.23 ms, found 0 plugins.
Preloading 0 native plugins for Editor in 0.00 ms.
Unloading 1255 Unused Serialized files (Serialized files now loaded: 0)
System memory in use before: 77.4 MB.
System memory in use after: 77.5 MB.

Unloading 10 unused Assets to reduce memory usage. Loaded Objects now: 1745.
Total: 1.643000 ms (FindLiveObjects: 0.136700 ms CreateObjectMapping: 0.038000 ms MarkObjects: 1.411400 ms  DeleteObjects: 0.055700 ms)

========================================================================
Received Import Request.
  Time since last request: 66.520804 seconds.
  path: Assets/Scripts/PlayerShoot.cs
  artifactKey: Guid(91afcdc8fa649844e9acc2ef2a8b46f4) Importer(815301076,1909f56bfc062723c751e8b465ee728b)
Start importing Assets/Scripts/PlayerShoot.cs using Guid(91afcdc8fa649844e9acc2ef2a8b46f4) Importer(815301076,1909f56bfc062723c751e8b465ee728b)  -> (artifact id: '3f40fe453df9bb3b3ddeaf55c5dfc566') in 0.007931 seconds
  Import took 0.010018 seconds .

========================================================================
Received Import Request.
  Time since last request: 0.026551 seconds.
  path: Assets/Scripts/PlayerShoot.cs
  artifactKey: Guid(91afcdc8fa649844e9acc2ef2a8b46f4) Importer(815301076,1909f56bfc062723c751e8b465ee728b)
Start importing Assets/Scripts/PlayerShoot.cs using Guid(91afcdc8fa649844e9acc2ef2a8b46f4) Importer(815301076,1909f56bfc062723c751e8b465ee728b)  -> (artifact id: '3f40fe453df9bb3b3ddeaf55c5dfc566') in 0.001935 seconds
  Import took 0.004328 seconds .

========================================================================
Received Prepare
Registering precompiled user dll's ...
Registered in 0.001940 seconds.
Begin MonoManager ReloadAssembly
Native extension for WindowsStandalone target not found
Refreshing native plugins compatible for Editor in 0.24 ms, found 0 plugins.
Preloading 0 native plugins for Editor in 0.00 ms.
Mono: successfully reloaded assembly
- Completed reload, in  0.873 seconds
Platform modules already initialized, skipping
Refreshing native plugins compatible for Editor in 0.24 ms, found 0 plugins.
Preloading 0 native plugins for Editor in 0.00 ms.
Unloading 1255 Unused Serialized files (Serialized files now loaded: 0)
System memory in use before: 77.4 MB.
System memory in use after: 77.5 MB.

Unloading 9 unused Assets to reduce memory usage. Loaded Objects now: 1748.
Total: 1.880000 ms (FindLiveObjects: 0.201900 ms CreateObjectMapping: 0.062800 ms MarkObjects: 1.554200 ms  DeleteObjects: 0.060500 ms)

========================================================================
Received Import Request.
  Time since last request: 612.580832 seconds.
  path: Assets/Scripts/PlayerShoot.cs
  artifactKey: Guid(91afcdc8fa649844e9acc2ef2a8b46f4) Importer(815301076,1909f56bfc062723c751e8b465ee728b)
Start importing Assets/Scripts/PlayerShoot.cs using Guid(91afcdc8fa649844e9acc2ef2a8b46f4) Importer(815301076,1909f56bfc062723c751e8b465ee728b)  -> (artifact id: '8f5f2f9b6d9e7363ef55c1dfbfd89601') in 0.004515 seconds
  Import took 0.007269 seconds .

AssetImportWorkerClient::OnTransportError - code=2 error=End of file
