Using pre-set license
Built from '2020.3/staging' branch; Version is '2020.3.4f1 (0abb6314276a) revision 703331'; Using compiler version '192528614'; Build Type 'Release'
OS: 'Windows 10 Home; OS build 19041.867; Version 2004; 64bit' Language: 'ru' Physical Memory: 8029 MB
BatchMode: 1, IsHumanControllingUs: 0, StartBugReporterOnCrash: 0, Is64bit: 1, IsPro: 0

 COMMAND LINE ARGUMENTS:
D:\Unity\2020.3.4f1\Editor\Unity.exe
-adb2
-batchMode
-noUpm
-name
AssetImportWorker0
-projectPath
D:/UnityProject/3DShooter/3DShooter
-logFile
Logs/AssetImportWorker0.log
-srvPort
61410
Successfully changed project path to: D:/UnityProject/3DShooter/3DShooter
D:/UnityProject/3DShooter/3DShooter
Using Asset Import Pipeline V2.
Refreshing native plugins compatible for Editor in 33.57 ms, found 0 plugins.
Preloading 0 native plugins for Editor in 0.00 ms.
Initialize engine version: 2020.3.4f1 (0abb6314276a)
[Subsystems] Discovering subsystems at path D:/Unity/2020.3.4f1/Editor/Data/Resources/UnitySubsystems
[Subsystems] Discovering subsystems at path D:/UnityProject/3DShooter/3DShooter/Assets
GfxDevice: creating device client; threaded=0
Direct3D:
    Version:  Direct3D 11.0 [level 11.1]
    Renderer: NVIDIA GeForce GTX 1660 Ti (ID=0x2191)
    Vendor:   
    VRAM:     5991 MB
    Driver:   27.21.14.5167
Initialize mono
Mono path[0] = 'D:/Unity/2020.3.4f1/Editor/Data/Managed'
Mono path[1] = 'D:/Unity/2020.3.4f1/Editor/Data/MonoBleedingEdge/lib/mono/unityjit'
Mono config path = 'D:/Unity/2020.3.4f1/Editor/Data/MonoBleedingEdge/etc'
Using monoOptions --debugger-agent=transport=dt_socket,embedding=1,server=y,suspend=n,address=127.0.0.1:56988
Begin MonoManager ReloadAssembly
Registering precompiled unity dll's ...
Register platform support module: D:/Unity/2020.3.4f1/Editor/Data/PlaybackEngines/WindowsStandaloneSupport/UnityEditor.WindowsStandalone.Extensions.dll
Registered in 0.001020 seconds.
Native extension for WindowsStandalone target not found
Refreshing native plugins compatible for Editor in 26.51 ms, found 0 plugins.
Preloading 0 native plugins for Editor in 0.00 ms.
Mono: successfully reloaded assembly
- Completed reload, in  1.481 seconds
Platform modules already initialized, skipping
Registering precompiled user dll's ...
Registered in 0.002107 seconds.
Begin MonoManager ReloadAssembly
Native extension for WindowsStandalone target not found
Refreshing native plugins compatible for Editor in 0.24 ms, found 0 plugins.
Preloading 0 native plugins for Editor in 0.00 ms.
Mono: successfully reloaded assembly
- Completed reload, in  0.832 seconds
Platform modules already initialized, skipping
========================================================================
Worker process is ready to serve import requests
Launched and connected shader compiler UnityShaderCompiler.exe after 0.04 seconds
Refreshing native plugins compatible for Editor in 0.27 ms, found 0 plugins.
Preloading 0 native plugins for Editor in 0.00 ms.
Unloading 1256 Unused Serialized files (Serialized files now loaded: 0)
System memory in use before: 74.0 MB.
System memory in use after: 74.1 MB.

Unloading 14 unused Assets to reduce memory usage. Loaded Objects now: 1709.
Total: 3.093600 ms (FindLiveObjects: 0.447100 ms CreateObjectMapping: 0.109600 ms MarkObjects: 2.421500 ms  DeleteObjects: 0.113600 ms)

========================================================================
Received Import Request.
  path: Assets/Prefabs/Player.prefab
  artifactKey: Guid(f8893b5c7cf8d8240aab899d4368af53) Importer(815301076,1909f56bfc062723c751e8b465ee728b)
Start importing Assets/Prefabs/Player.prefab using Guid(f8893b5c7cf8d8240aab899d4368af53) Importer(815301076,1909f56bfc062723c751e8b465ee728b)  -> (artifact id: '45e1fe06e62fe06abc31da9bf2758bbe') in 0.130860 seconds
  Import took 0.133044 seconds .

========================================================================
Received Prepare
Registering precompiled user dll's ...
Registered in 0.002322 seconds.
Begin MonoManager ReloadAssembly
Native extension for WindowsStandalone target not found
Refreshing native plugins compatible for Editor in 0.79 ms, found 0 plugins.
Preloading 0 native plugins for Editor in 0.00 ms.
Mono: successfully reloaded assembly
- Completed reload, in  0.901 seconds
Platform modules already initialized, skipping
Refreshing native plugins compatible for Editor in 0.25 ms, found 0 plugins.
Preloading 0 native plugins for Editor in 0.00 ms.
Unloading 1252 Unused Serialized files (Serialized files now loaded: 0)
System memory in use before: 77.1 MB.
System memory in use after: 77.2 MB.

Unloading 10 unused Assets to reduce memory usage. Loaded Objects now: 1721.
Total: 1.872900 ms (FindLiveObjects: 0.150700 ms CreateObjectMapping: 0.052600 ms MarkObjects: 1.604500 ms  DeleteObjects: 0.063800 ms)

========================================================================
Received Import Request.
  Time since last request: 56.696751 seconds.
  path: Assets/Prefabs/Player.prefab
  artifactKey: Guid(f8893b5c7cf8d8240aab899d4368af53) Importer(815301076,1909f56bfc062723c751e8b465ee728b)
Start importing Assets/Prefabs/Player.prefab using Guid(f8893b5c7cf8d8240aab899d4368af53) Importer(815301076,1909f56bfc062723c751e8b465ee728b)  -> (artifact id: '8978aeb8f541b0778821d89e85e18fc7') in 0.057933 seconds
  Import took 0.060340 seconds .

========================================================================
Received Prepare
Registering precompiled user dll's ...
Registered in 0.003031 seconds.
Begin MonoManager ReloadAssembly
Native extension for WindowsStandalone target not found
Refreshing native plugins compatible for Editor in 0.25 ms, found 0 plugins.
Preloading 0 native plugins for Editor in 0.00 ms.
Mono: successfully reloaded assembly
- Completed reload, in  0.921 seconds
Platform modules already initialized, skipping
Refreshing native plugins compatible for Editor in 0.25 ms, found 0 plugins.
Preloading 0 native plugins for Editor in 0.00 ms.
Unloading 1252 Unused Serialized files (Serialized files now loaded: 0)
System memory in use before: 77.2 MB.
System memory in use after: 77.3 MB.

Unloading 10 unused Assets to reduce memory usage. Loaded Objects now: 1725.
Total: 1.961000 ms (FindLiveObjects: 0.240100 ms CreateObjectMapping: 0.093500 ms MarkObjects: 1.567600 ms  DeleteObjects: 0.057600 ms)

========================================================================
Received Import Request.
  Time since last request: 21.715009 seconds.
  path: Assets/Scripts/PlayerShoot.cs
  artifactKey: Guid(91afcdc8fa649844e9acc2ef2a8b46f4) Importer(815301076,1909f56bfc062723c751e8b465ee728b)
Start importing Assets/Scripts/PlayerShoot.cs using Guid(91afcdc8fa649844e9acc2ef2a8b46f4) Importer(815301076,1909f56bfc062723c751e8b465ee728b)  -> (artifact id: 'd52d7188db76a917842a86f137ce4721') in 0.013739 seconds
  Import took 0.016513 seconds .

========================================================================
Received Prepare
Registering precompiled user dll's ...
Registered in 0.003182 seconds.
Begin MonoManager ReloadAssembly
Native extension for WindowsStandalone target not found
Refreshing native plugins compatible for Editor in 0.43 ms, found 0 plugins.
Preloading 0 native plugins for Editor in 0.00 ms.
Mono: successfully reloaded assembly
- Completed reload, in  1.157 seconds
Platform modules already initialized, skipping
Refreshing native plugins compatible for Editor in 0.24 ms, found 0 plugins.
Preloading 0 native plugins for Editor in 0.00 ms.
Unloading 1253 Unused Serialized files (Serialized files now loaded: 0)
System memory in use before: 77.2 MB.
System memory in use after: 77.3 MB.

Unloading 9 unused Assets to reduce memory usage. Loaded Objects now: 1729.
Total: 1.663100 ms (FindLiveObjects: 0.152300 ms CreateObjectMapping: 0.037600 ms MarkObjects: 1.420300 ms  DeleteObjects: 0.051700 ms)

========================================================================
Received Import Request.
  Time since last request: 10.913755 seconds.
  path: Assets/Scripts/NewBehaviourScript.cs
  artifactKey: Guid(f79daa19e14075b409b56e9d2642bc48) Importer(815301076,1909f56bfc062723c751e8b465ee728b)
Start importing Assets/Scripts/NewBehaviourScript.cs using Guid(f79daa19e14075b409b56e9d2642bc48) Importer(815301076,1909f56bfc062723c751e8b465ee728b)  -> (artifact id: '6cc61895b1fe1ef4043adc5547660e45') in 0.007822 seconds
  Import took 0.010406 seconds .

========================================================================
Received Import Request.
  Time since last request: 10.046047 seconds.
  path: Assets/Scripts/Weapon.cs
  artifactKey: Guid(f79daa19e14075b409b56e9d2642bc48) Importer(815301076,1909f56bfc062723c751e8b465ee728b)
Start importing Assets/Scripts/Weapon.cs using Guid(f79daa19e14075b409b56e9d2642bc48) Importer(815301076,1909f56bfc062723c751e8b465ee728b)  -> (artifact id: '55ea627ee76ddedfda2c411c512505f8') in 0.009419 seconds
  Import took 0.014126 seconds .

========================================================================
Received Prepare
Registering precompiled user dll's ...
Registered in 0.002994 seconds.
Begin MonoManager ReloadAssembly
Native extension for WindowsStandalone target not found
Refreshing native plugins compatible for Editor in 0.24 ms, found 0 plugins.
Preloading 0 native plugins for Editor in 0.00 ms.
Mono: successfully reloaded assembly
- Completed reload, in  1.051 seconds
Platform modules already initialized, skipping
Refreshing native plugins compatible for Editor in 0.25 ms, found 0 plugins.
Preloading 0 native plugins for Editor in 0.00 ms.
Unloading 1253 Unused Serialized files (Serialized files now loaded: 0)
System memory in use before: 77.2 MB.
System memory in use after: 77.3 MB.

Unloading 9 unused Assets to reduce memory usage. Loaded Objects now: 1732.
Total: 1.915200 ms (FindLiveObjects: 0.168100 ms CreateObjectMapping: 0.039000 ms MarkObjects: 1.653200 ms  DeleteObjects: 0.054000 ms)

========================================================================
Received Import Request.
  Time since last request: 53.280991 seconds.
  path: Assets/Scripts/Weapon.cs
  artifactKey: Guid(f79daa19e14075b409b56e9d2642bc48) Importer(815301076,1909f56bfc062723c751e8b465ee728b)
Start importing Assets/Scripts/Weapon.cs using Guid(f79daa19e14075b409b56e9d2642bc48) Importer(815301076,1909f56bfc062723c751e8b465ee728b)  -> (artifact id: 'e5687c1752bf0da1e423011230b7bd35') in 0.005314 seconds
  Import took 0.007972 seconds .

========================================================================
Received Prepare
Registering precompiled user dll's ...
Registered in 0.002008 seconds.
Begin MonoManager ReloadAssembly
Native extension for WindowsStandalone target not found
Refreshing native plugins compatible for Editor in 0.27 ms, found 0 plugins.
Preloading 0 native plugins for Editor in 0.00 ms.
Mono: successfully reloaded assembly
- Completed reload, in  0.942 seconds
Platform modules already initialized, skipping
Refreshing native plugins compatible for Editor in 0.25 ms, found 0 plugins.
Preloading 0 native plugins for Editor in 0.00 ms.
Unloading 1253 Unused Serialized files (Serialized files now loaded: 0)
System memory in use before: 77.2 MB.
System memory in use after: 77.3 MB.

Unloading 9 unused Assets to reduce memory usage. Loaded Objects now: 1735.
Total: 1.878000 ms (FindLiveObjects: 0.234800 ms CreateObjectMapping: 0.044700 ms MarkObjects: 1.541600 ms  DeleteObjects: 0.054500 ms)

========================================================================
Received Import Request.
  Time since last request: 61.978924 seconds.
  path: Assets/Scripts/Weapon.cs
  artifactKey: Guid(f79daa19e14075b409b56e9d2642bc48) Importer(815301076,1909f56bfc062723c751e8b465ee728b)
Start importing Assets/Scripts/Weapon.cs using Guid(f79daa19e14075b409b56e9d2642bc48) Importer(815301076,1909f56bfc062723c751e8b465ee728b)  -> (artifact id: '34a624eb4d949941bf032e04d21b06fc') in 0.004700 seconds
  Import took 0.007401 seconds .

========================================================================
Received Prepare
Registering precompiled user dll's ...
Registered in 0.002035 seconds.
Begin MonoManager ReloadAssembly
Native extension for WindowsStandalone target not found
Refreshing native plugins compatible for Editor in 0.43 ms, found 0 plugins.
Preloading 0 native plugins for Editor in 0.00 ms.
Mono: successfully reloaded assembly
- Completed reload, in  1.099 seconds
Platform modules already initialized, skipping
Refreshing native plugins compatible for Editor in 0.28 ms, found 0 plugins.
Preloading 0 native plugins for Editor in 0.00 ms.
Unloading 1253 Unused Serialized files (Serialized files now loaded: 0)
System memory in use before: 77.2 MB.
System memory in use after: 77.3 MB.

Unloading 9 unused Assets to reduce memory usage. Loaded Objects now: 1738.
Total: 1.870700 ms (FindLiveObjects: 0.162900 ms CreateObjectMapping: 0.044500 ms MarkObjects: 1.527800 ms  DeleteObjects: 0.134700 ms)

========================================================================
Received Import Request.
  Time since last request: 35.111038 seconds.
  path: Assets/Scripts/Weapon.cs
  artifactKey: Guid(f79daa19e14075b409b56e9d2642bc48) Importer(815301076,1909f56bfc062723c751e8b465ee728b)
Start importing Assets/Scripts/Weapon.cs using Guid(f79daa19e14075b409b56e9d2642bc48) Importer(815301076,1909f56bfc062723c751e8b465ee728b)  -> (artifact id: '90e3fbc2ca08c00f417848c2a5f18049') in 0.004478 seconds
  Import took 0.007456 seconds .

========================================================================
Received Prepare
Registering precompiled user dll's ...
Registered in 0.001936 seconds.
Begin MonoManager ReloadAssembly
Native extension for WindowsStandalone target not found
Refreshing native plugins compatible for Editor in 0.26 ms, found 0 plugins.
Preloading 0 native plugins for Editor in 0.00 ms.
Mono: successfully reloaded assembly
- Completed reload, in  1.105 seconds
Platform modules already initialized, skipping
Refreshing native plugins compatible for Editor in 0.25 ms, found 0 plugins.
Preloading 0 native plugins for Editor in 0.00 ms.
Unloading 1253 Unused Serialized files (Serialized files now loaded: 0)
System memory in use before: 77.3 MB.
System memory in use after: 77.3 MB.

Unloading 9 unused Assets to reduce memory usage. Loaded Objects now: 1741.
Total: 4.302000 ms (FindLiveObjects: 0.218100 ms CreateObjectMapping: 0.072400 ms MarkObjects: 3.829400 ms  DeleteObjects: 0.179700 ms)

========================================================================
Received Import Request.
  Time since last request: 7.518318 seconds.
  path: Assets/Scripts/Weapon.cs
  artifactKey: Guid(f79daa19e14075b409b56e9d2642bc48) Importer(815301076,1909f56bfc062723c751e8b465ee728b)
Start importing Assets/Scripts/Weapon.cs using Guid(f79daa19e14075b409b56e9d2642bc48) Importer(815301076,1909f56bfc062723c751e8b465ee728b)  -> (artifact id: '36ac351cc2eef8097ed6268f2e212eaf') in 0.005138 seconds
  Import took 0.008463 seconds .

========================================================================
Received Prepare
Registering precompiled user dll's ...
Registered in 0.002049 seconds.
Begin MonoManager ReloadAssembly
Native extension for WindowsStandalone target not found
Refreshing native plugins compatible for Editor in 0.28 ms, found 0 plugins.
Preloading 0 native plugins for Editor in 0.00 ms.
Mono: successfully reloaded assembly
- Completed reload, in  1.024 seconds
Platform modules already initialized, skipping
Refreshing native plugins compatible for Editor in 0.28 ms, found 0 plugins.
Preloading 0 native plugins for Editor in 0.00 ms.
Unloading 1253 Unused Serialized files (Serialized files now loaded: 0)
System memory in use before: 77.3 MB.
System memory in use after: 77.3 MB.

Unloading 9 unused Assets to reduce memory usage. Loaded Objects now: 1744.
Total: 1.922700 ms (FindLiveObjects: 0.146200 ms CreateObjectMapping: 0.035700 ms MarkObjects: 1.605600 ms  DeleteObjects: 0.133800 ms)

========================================================================
Received Prepare
Registering precompiled user dll's ...
Registered in 0.002385 seconds.
Begin MonoManager ReloadAssembly
Native extension for WindowsStandalone target not found
Refreshing native plugins compatible for Editor in 0.25 ms, found 0 plugins.
Preloading 0 native plugins for Editor in 0.00 ms.
Mono: successfully reloaded assembly
- Completed reload, in  0.962 seconds
Platform modules already initialized, skipping
Refreshing native plugins compatible for Editor in 0.24 ms, found 0 plugins.
Preloading 0 native plugins for Editor in 0.00 ms.
Unloading 1253 Unused Serialized files (Serialized files now loaded: 0)
System memory in use before: 77.3 MB.
System memory in use after: 77.3 MB.

Unloading 9 unused Assets to reduce memory usage. Loaded Objects now: 1747.
Total: 2.186400 ms (FindLiveObjects: 0.457600 ms CreateObjectMapping: 0.109400 ms MarkObjects: 1.475600 ms  DeleteObjects: 0.140700 ms)

========================================================================
Received Prepare
Registering precompiled user dll's ...
Registered in 0.002890 seconds.
Begin MonoManager ReloadAssembly
Native extension for WindowsStandalone target not found
Refreshing native plugins compatible for Editor in 0.28 ms, found 0 plugins.
Preloading 0 native plugins for Editor in 0.00 ms.
Mono: successfully reloaded assembly
- Completed reload, in  0.993 seconds
Platform modules already initialized, skipping
Refreshing native plugins compatible for Editor in 0.62 ms, found 0 plugins.
Preloading 0 native plugins for Editor in 0.00 ms.
Unloading 1253 Unused Serialized files (Serialized files now loaded: 0)
System memory in use before: 77.3 MB.
System memory in use after: 77.3 MB.

Unloading 9 unused Assets to reduce memory usage. Loaded Objects now: 1750.
Total: 1.991400 ms (FindLiveObjects: 0.329500 ms CreateObjectMapping: 0.053500 ms MarkObjects: 1.463100 ms  DeleteObjects: 0.140900 ms)

========================================================================
Received Import Request.
  Time since last request: 386.674806 seconds.
  path: Assets/Prefabs/Player.prefab
  artifactKey: Guid(f8893b5c7cf8d8240aab899d4368af53) Importer(815301076,1909f56bfc062723c751e8b465ee728b)
Start importing Assets/Prefabs/Player.prefab using Guid(f8893b5c7cf8d8240aab899d4368af53) Importer(815301076,1909f56bfc062723c751e8b465ee728b)  -> (artifact id: '732835cf2d50d24cd0d8ad40b34a0a81') in 0.076650 seconds
  Import took 0.078892 seconds .

========================================================================
Received Import Request.
  Time since last request: 59.069447 seconds.
  path: Assets/Prefabs/Player.prefab
  artifactKey: Guid(f8893b5c7cf8d8240aab899d4368af53) Importer(815301076,1909f56bfc062723c751e8b465ee728b)
Start importing Assets/Prefabs/Player.prefab using Guid(f8893b5c7cf8d8240aab899d4368af53) Importer(815301076,1909f56bfc062723c751e8b465ee728b)  -> (artifact id: 'e4308f9f208a4aef97139b0a5f4621c4') in 0.019050 seconds
  Import took 0.022383 seconds .

========================================================================
Received Import Request.
  Time since last request: 62.861520 seconds.
  path: Assets/Prefabs/Player.prefab
  artifactKey: Guid(f8893b5c7cf8d8240aab899d4368af53) Importer(815301076,1909f56bfc062723c751e8b465ee728b)
Start importing Assets/Prefabs/Player.prefab using Guid(f8893b5c7cf8d8240aab899d4368af53) Importer(815301076,1909f56bfc062723c751e8b465ee728b)  -> (artifact id: '05e3c4f6904a650c61fb160e5bd8042c') in 0.017550 seconds
  Import took 0.020724 seconds .

========================================================================
Received Import Request.
  Time since last request: 0.013342 seconds.
  path: Assets/Prefabs/Player.prefab
  artifactKey: Guid(f8893b5c7cf8d8240aab899d4368af53) Importer(815301076,1909f56bfc062723c751e8b465ee728b)
Start importing Assets/Prefabs/Player.prefab using Guid(f8893b5c7cf8d8240aab899d4368af53) Importer(815301076,1909f56bfc062723c751e8b465ee728b)  -> (artifact id: '05e3c4f6904a650c61fb160e5bd8042c') in 0.031938 seconds
  Import took 0.034969 seconds .

========================================================================
Received Import Request.
  Time since last request: 17.953827 seconds.
  path: ProjectSettings/TagManager.asset
  artifactKey: Guid(00000000000000003000000000000000) Importer(815301076,1909f56bfc062723c751e8b465ee728b)
Start importing ProjectSettings/TagManager.asset using Guid(00000000000000003000000000000000) Importer(815301076,1909f56bfc062723c751e8b465ee728b)  -> (artifact id: 'e0ebe84fa17e379b0fc52803c853596c') in 0.009370 seconds
  Import took 0.013523 seconds .

========================================================================
Received Import Request.
  Time since last request: 0.006206 seconds.
  path: ProjectSettings/TagManager.asset
  artifactKey: Guid(00000000000000003000000000000000) Importer(815301076,1909f56bfc062723c751e8b465ee728b)
Start importing ProjectSettings/TagManager.asset using Guid(00000000000000003000000000000000) Importer(815301076,1909f56bfc062723c751e8b465ee728b)  -> (artifact id: 'e0ebe84fa17e379b0fc52803c853596c') in 0.003024 seconds
  Import took 0.005547 seconds .

========================================================================
Received Import Request.
  Time since last request: 32.412464 seconds.
  path: ProjectSettings/TagManager.asset
  artifactKey: Guid(00000000000000003000000000000000) Importer(815301076,1909f56bfc062723c751e8b465ee728b)
Start importing ProjectSettings/TagManager.asset using Guid(00000000000000003000000000000000) Importer(815301076,1909f56bfc062723c751e8b465ee728b)  -> (artifact id: 'fa019517490508a1046645d100a14035') in 0.004194 seconds
  Import took 0.009471 seconds .

========================================================================
Received Import Request.
  Time since last request: 13.936249 seconds.
  path: Assets/Prefabs/Player.prefab
  artifactKey: Guid(f8893b5c7cf8d8240aab899d4368af53) Importer(815301076,1909f56bfc062723c751e8b465ee728b)
Start importing Assets/Prefabs/Player.prefab using Guid(f8893b5c7cf8d8240aab899d4368af53) Importer(815301076,1909f56bfc062723c751e8b465ee728b)  -> (artifact id: 'c2c5951314c12258dd296a4a9cca18ad') in 0.012854 seconds
  Import took 0.015528 seconds .

========================================================================
Received Import Request.
  Time since last request: 0.015579 seconds.
  path: Assets/Prefabs/Player.prefab
  artifactKey: Guid(f8893b5c7cf8d8240aab899d4368af53) Importer(815301076,1909f56bfc062723c751e8b465ee728b)
Start importing Assets/Prefabs/Player.prefab using Guid(f8893b5c7cf8d8240aab899d4368af53) Importer(815301076,1909f56bfc062723c751e8b465ee728b)  -> (artifact id: 'c2c5951314c12258dd296a4a9cca18ad') in 0.040693 seconds
  Import took 0.048326 seconds .

========================================================================
Received Prepare
Registering precompiled user dll's ...
Registered in 0.005974 seconds.
Begin MonoManager ReloadAssembly
Native extension for WindowsStandalone target not found
Refreshing native plugins compatible for Editor in 0.26 ms, found 0 plugins.
Preloading 0 native plugins for Editor in 0.00 ms.
Mono: successfully reloaded assembly
- Completed reload, in  1.360 seconds
Platform modules already initialized, skipping
Refreshing native plugins compatible for Editor in 0.26 ms, found 0 plugins.
Preloading 0 native plugins for Editor in 0.00 ms.
Unloading 1253 Unused Serialized files (Serialized files now loaded: 0)
System memory in use before: 77.3 MB.
System memory in use after: 77.4 MB.

Unloading 13 unused Assets to reduce memory usage. Loaded Objects now: 1754.
Total: 24.482100 ms (FindLiveObjects: 3.238400 ms CreateObjectMapping: 0.391300 ms MarkObjects: 20.621900 ms  DeleteObjects: 0.224200 ms)

========================================================================
Received Import Request.
  Time since last request: 121.696555 seconds.
  path: Assets/Prefabs/Player.prefab
  artifactKey: Guid(f8893b5c7cf8d8240aab899d4368af53) Importer(815301076,1909f56bfc062723c751e8b465ee728b)
Start importing Assets/Prefabs/Player.prefab using Guid(f8893b5c7cf8d8240aab899d4368af53) Importer(815301076,1909f56bfc062723c751e8b465ee728b)  -> (artifact id: '182806b4c793e454a8390b1619d94b31') in 0.074851 seconds
  Import took 0.080382 seconds .

========================================================================
Received Import Request.
  Time since last request: 20.635335 seconds.
  path: Assets/Prefabs/Player.prefab
  artifactKey: Guid(f8893b5c7cf8d8240aab899d4368af53) Importer(815301076,1909f56bfc062723c751e8b465ee728b)
Start importing Assets/Prefabs/Player.prefab using Guid(f8893b5c7cf8d8240aab899d4368af53) Importer(815301076,1909f56bfc062723c751e8b465ee728b)  -> (artifact id: '6a75f000c447ae7c9c00e0fede10b5da') in 0.013314 seconds
  Import took 0.031856 seconds .

========================================================================
Received Import Request.
  Time since last request: 0.009478 seconds.
  path: Assets/Prefabs/Player.prefab
  artifactKey: Guid(f8893b5c7cf8d8240aab899d4368af53) Importer(815301076,1909f56bfc062723c751e8b465ee728b)
Start importing Assets/Prefabs/Player.prefab using Guid(f8893b5c7cf8d8240aab899d4368af53) Importer(815301076,1909f56bfc062723c751e8b465ee728b)  -> (artifact id: '6a75f000c447ae7c9c00e0fede10b5da') in 0.024849 seconds
  Import took 0.028858 seconds .

========================================================================
Received Import Request.
  Time since last request: 10.967357 seconds.
  path: Assets/Prefabs/Player.prefab
  artifactKey: Guid(f8893b5c7cf8d8240aab899d4368af53) Importer(815301076,1909f56bfc062723c751e8b465ee728b)
Start importing Assets/Prefabs/Player.prefab using Guid(f8893b5c7cf8d8240aab899d4368af53) Importer(815301076,1909f56bfc062723c751e8b465ee728b)  -> (artifact id: '2f5f8cb67db334c0724c8620ce34b600') in 0.021051 seconds
  Import took 0.025846 seconds .

========================================================================
Received Import Request.
  Time since last request: 0.013546 seconds.
  path: Assets/Prefabs/Player.prefab
  artifactKey: Guid(f8893b5c7cf8d8240aab899d4368af53) Importer(815301076,1909f56bfc062723c751e8b465ee728b)
Start importing Assets/Prefabs/Player.prefab using Guid(f8893b5c7cf8d8240aab899d4368af53) Importer(815301076,1909f56bfc062723c751e8b465ee728b)  -> (artifact id: '2f5f8cb67db334c0724c8620ce34b600') in 0.031999 seconds
  Import took 0.035878 seconds .

========================================================================
Received Prepare
Registering precompiled user dll's ...
Registered in 0.002145 seconds.
Begin MonoManager ReloadAssembly
Native extension for WindowsStandalone target not found
Refreshing native plugins compatible for Editor in 0.23 ms, found 0 plugins.
Preloading 0 native plugins for Editor in 0.00 ms.
Mono: successfully reloaded assembly
- Completed reload, in  0.849 seconds
Platform modules already initialized, skipping
Refreshing native plugins compatible for Editor in 0.24 ms, found 0 plugins.
Preloading 0 native plugins for Editor in 0.00 ms.
Unloading 1253 Unused Serialized files (Serialized files now loaded: 0)
System memory in use before: 77.3 MB.
System memory in use after: 77.4 MB.

Unloading 10 unused Assets to reduce memory usage. Loaded Objects now: 1758.
Total: 1.728900 ms (FindLiveObjects: 0.141500 ms CreateObjectMapping: 0.041000 ms MarkObjects: 1.485500 ms  DeleteObjects: 0.059400 ms)

========================================================================
Received Prepare
Registering precompiled user dll's ...
Registered in 0.002068 seconds.
Begin MonoManager ReloadAssembly
Native extension for WindowsStandalone target not found
Refreshing native plugins compatible for Editor in 0.24 ms, found 0 plugins.
Preloading 0 native plugins for Editor in 0.00 ms.
Mono: successfully reloaded assembly
- Completed reload, in  1.045 seconds
Platform modules already initialized, skipping
Refreshing native plugins compatible for Editor in 0.46 ms, found 0 plugins.
Preloading 0 native plugins for Editor in 0.00 ms.
Unloading 1253 Unused Serialized files (Serialized files now loaded: 0)
System memory in use before: 77.3 MB.
System memory in use after: 77.4 MB.

Unloading 9 unused Assets to reduce memory usage. Loaded Objects now: 1761.
Total: 4.507200 ms (FindLiveObjects: 0.176500 ms CreateObjectMapping: 0.050500 ms MarkObjects: 4.197100 ms  DeleteObjects: 0.080900 ms)

========================================================================
Received Prepare
Registering precompiled user dll's ...
Registered in 0.003048 seconds.
Begin MonoManager ReloadAssembly
Native extension for WindowsStandalone target not found
Refreshing native plugins compatible for Editor in 0.24 ms, found 0 plugins.
Preloading 0 native plugins for Editor in 0.00 ms.
Mono: successfully reloaded assembly
- Completed reload, in  1.013 seconds
Platform modules already initialized, skipping
Refreshing native plugins compatible for Editor in 0.25 ms, found 0 plugins.
Preloading 0 native plugins for Editor in 0.00 ms.
Unloading 1253 Unused Serialized files (Serialized files now loaded: 0)
System memory in use before: 77.3 MB.
System memory in use after: 77.4 MB.

Unloading 9 unused Assets to reduce memory usage. Loaded Objects now: 1764.
Total: 1.627200 ms (FindLiveObjects: 0.147600 ms CreateObjectMapping: 0.044100 ms MarkObjects: 1.376500 ms  DeleteObjects: 0.057900 ms)

========================================================================
Received Prepare
Registering precompiled user dll's ...
Registered in 0.001862 seconds.
Begin MonoManager ReloadAssembly
Native extension for WindowsStandalone target not found
Refreshing native plugins compatible for Editor in 0.36 ms, found 0 plugins.
Preloading 0 native plugins for Editor in 0.00 ms.
Mono: successfully reloaded assembly
- Completed reload, in  1.002 seconds
Platform modules already initialized, skipping
Refreshing native plugins compatible for Editor in 0.23 ms, found 0 plugins.
Preloading 0 native plugins for Editor in 0.00 ms.
Unloading 1253 Unused Serialized files (Serialized files now loaded: 0)
System memory in use before: 77.3 MB.
System memory in use after: 77.4 MB.

Unloading 9 unused Assets to reduce memory usage. Loaded Objects now: 1767.
Total: 3.518900 ms (FindLiveObjects: 1.019700 ms CreateObjectMapping: 0.172300 ms MarkObjects: 2.251800 ms  DeleteObjects: 0.069800 ms)

AssetImportWorkerClient::OnTransportError - code=2 error=End of file
